12:48:43 **** Incremental Build of configuration Debug for project cv6 ****
make -j4 all 
arm-none-eabi-gcc "../Core/Src/main.c" -mcpu=cortex-m0 -std=gnu11 -g3 -DDEBUG -DUSE_HAL_DRIVER -DSTM32F030x8 -c -I../Core/Inc -I../Drivers/STM32F0xx_HAL_Driver/Inc -I../Drivers/STM32F0xx_HAL_Driver/Inc/Legacy -I../Drivers/CMSIS/Device/ST/STM32F0xx/Include -I../Drivers/CMSIS/Include -O0 -ffunction-sections -fdata-sections -Wall -fstack-usage -fcyclomatic-complexity -MMD -MP -MF"Core/Src/main.d" -MT"Core/Src/main.o" --specs=nano.specs -mfloat-abi=soft -mthumb -o "Core/Src/main.o"
../Core/Src/main.c: In function 'main':
../Core/Src/main.c:114:25: warning: implicit declaration of function 'OWConvertAll' [-Wimplicit-function-declaration]
  114 |                         OWConvertAll();
      |                         ^~~~~~~~~~~~
../Core/Src/main.c:140:25: warning: implicit declaration of function 'OWReadTemperature' [-Wimplicit-function-declaration]
  140 |                         OWReadTemperature(&temp_18b20);
      |                         ^~~~~~~~~~~~~~~~~
../Core/Src/main.c:141:25: warning: implicit declaration of function 'sct_value' [-Wimplicit-function-declaration]
  141 |                         sct_value(temp_18b20/10);
      |                         ^~~~~~~~~
arm-none-eabi-gcc -o "cv6.elf" @"objects.list"   -mcpu=cortex-m0 -T"C:\Temp\xpecon00\MPC-MKS\cv6\cv6\STM32F030R8TX_FLASH.ld" --specs=nosys.specs -Wl,-Map="cv6.map" -Wl,--gc-sections -static --specs=nano.specs -mfloat-abi=soft -mthumb -Wl,--start-group -lc -lm -Wl,--end-group
Finished building target: cv6.elf
 
arm-none-eabi-size   cv6.elf 
arm-none-eabi-objdump -h -S  cv6.elf  > "cv6.list"
   text	   data	    bss	    dec	    hex	filename
  13800	     20	   1772	  15592	   3ce8	cv6.elf
Finished building: default.size.stdout
 
Finished building: cv6.list
 

12:48:44 Build Finished. 0 errors, 3 warnings. (took 889ms)

